<?xml version="1.0" encoding="UTF-8"?>
<!-- Generated by org.testng.reporters.JUnitReportReporter -->
<testsuite hostname="DESKTOP-A160TLF" failures="0" tests="1" name="testscenarios.practiceTestCases" time="15.343" errors="0" timestamp="26 Sep 2023 10:00:56 GMT" skipped="0">
  <testcase classname="testscenarios.practiceTestCases" name="webinputtest" time="15.343"/>
</testsuite> <!-- testscenarios.practiceTestCases -->
